<?xml version="1.0" encoding="UTF-8"?>
<!-- Generated by org.testng.reporters.JUnitXMLReporter -->
<testsuite ignored="0" hostname="LAPTOP-0SOJJLOM" failures="0" tests="2" name="Default test" time="23.942" errors="0" timestamp="2020-02-08T22:43:41 CST">
  <testcase classname="classTestNG.ClassNotesClass5" name="validUserShouldBeAbleToLogin" time="5.086"/>
  <testcase classname="classTestNG.ClassNotesClass5" name="invalidUsersShouldNotBeAbleToLogin" time="4.546"/>
</testsuite> <!-- Default test -->
